<?xml version="1.0" encoding="UTF-8"?>
<!-- Generated by org.testng.reporters.JUnitXMLReporter -->
<testsuite hostname="DESKTOP-UPSQUGU" ignored="0" name="Test" tests="2" failures="1" timestamp="2021-04-10T20:58:41 ICT" time="19.288" errors="0">
  <testcase name="testLoginUI" time="2.312" classname="com.jakartalabs.fullstack_answer.TestUI"/>
  <testcase name="testSelectProjectUI" time="0.039" classname="com.jakartalabs.fullstack_answer.TestUI">
    <failure type="org.openqa.selenium.NoSuchElementException" message="no such element: Unable to locate element: {&amp;quot;method&amp;quot;:&amp;quot;xpath&amp;quot;,&amp;quot;selector&amp;quot;:&amp;quot;//body/app[@class=&amp;apos;eiApp&amp;apos;]/div[@id=&amp;apos;app-component&amp;apos;]/div[@class=&amp;apos;wrapper&amp;apos;]/div[@class=&amp;apos;middlePart&amp;apos;]/main/home/div[@class=&amp;apos;newHomeSection&amp;apos;]/div[@id=&amp;apos;home-container&amp;apos;]/div[@class=&amp;apos;displaySection&amp;apos;]/app-product-type/div[@class=&amp;apos;productTypeSection&amp;apos;]/div[@class=&amp;apos;productTypeRow&amp;apos;]/drag-scroll/div[@class=&amp;apos;drag-scroll-content&amp;apos;]/div[1]&amp;quot;}
  (Session info: chrome=89.0.4389.114)
For documentation on this error, please visit: https://selenium.dev/exceptions/#no_such_element
Build info: version: &amp;apos;4.0.0-alpha-7&amp;apos;, revision: &amp;apos;de8579b6d5&amp;apos;
System info: host: &amp;apos;DESKTOP-UPSQUGU&amp;apos;, ip: &amp;apos;192.168.100.26&amp;apos;, os.name: &amp;apos;Windows 10&amp;apos;, os.arch: &amp;apos;amd64&amp;apos;, os.version: &amp;apos;10.0&amp;apos;, java.version: &amp;apos;1.8.0_281&amp;apos;
Driver info: org.openqa.selenium.chrome.ChromeDriver
Capabilities {acceptInsecureCerts: false, browserName: chrome, browserVersion: 89.0.4389.114, chrome: {chromedriverVersion: 89.0.4389.23 (61b08ee2c5002..., userDataDir: C:\Users\muham\AppData\Loca...}, goog:chromeOptions: {debuggerAddress: localhost:59369}, javascriptEnabled: true, networkConnectionEnabled: false, pageLoadStrategy: normal, platform: WINDOWS, platformName: WINDOWS, proxy: Proxy(), setWindowRect: true, strictFileInteractability: false, timeouts: {implicit: 0, pageLoad: 300000, script: 30000}, unhandledPromptBehavior: dismiss and notify, webauthn:extension:largeBlob: true, webauthn:virtualAuthenticators: true}
Session ID: 1b4bc620495a09ddaadd0deeff4a1e5f
*** Element info: {Using=xpath, value=//body/app[@class=&amp;apos;eiApp&amp;apos;]/div[@id=&amp;apos;app-component&amp;apos;]/div[@class=&amp;apos;wrapper&amp;apos;]/div[@class=&amp;apos;middlePart&amp;apos;]/main/home/div[@class=&amp;apos;newHomeSection&amp;apos;]/div[@id=&amp;apos;home-container&amp;apos;]/div[@class=&amp;apos;displaySection&amp;apos;]/app-product-type/div[@class=&amp;apos;productTypeSection&amp;apos;]/div[@class=&amp;apos;productTypeRow&amp;apos;]/drag-scroll/div[@class=&amp;apos;drag-scroll-content&amp;apos;]/div[1]}">
      <![CDATA[org.openqa.selenium.NoSuchElementException: no such element: Unable to locate element: {"method":"xpath","selector":"//body/app[@class='eiApp']/div[@id='app-component']/div[@class='wrapper']/div[@class='middlePart']/main/home/div[@class='newHomeSection']/div[@id='home-container']/div[@class='displaySection']/app-product-type/div[@class='productTypeSection']/div[@class='productTypeRow']/drag-scroll/div[@class='drag-scroll-content']/div[1]"}
  (Session info: chrome=89.0.4389.114)
For documentation on this error, please visit: https://selenium.dev/exceptions/#no_such_element
Build info: version: '4.0.0-alpha-7', revision: 'de8579b6d5'
System info: host: 'DESKTOP-UPSQUGU', ip: '192.168.100.26', os.name: 'Windows 10', os.arch: 'amd64', os.version: '10.0', java.version: '1.8.0_281'
Driver info: org.openqa.selenium.chrome.ChromeDriver
Capabilities {acceptInsecureCerts: false, browserName: chrome, browserVersion: 89.0.4389.114, chrome: {chromedriverVersion: 89.0.4389.23 (61b08ee2c5002..., userDataDir: C:\Users\muham\AppData\Loca...}, goog:chromeOptions: {debuggerAddress: localhost:59369}, javascriptEnabled: true, networkConnectionEnabled: false, pageLoadStrategy: normal, platform: WINDOWS, platformName: WINDOWS, proxy: Proxy(), setWindowRect: true, strictFileInteractability: false, timeouts: {implicit: 0, pageLoad: 300000, script: 30000}, unhandledPromptBehavior: dismiss and notify, webauthn:extension:largeBlob: true, webauthn:virtualAuthenticators: true}
Session ID: 1b4bc620495a09ddaadd0deeff4a1e5f
*** Element info: {Using=xpath, value=//body/app[@class='eiApp']/div[@id='app-component']/div[@class='wrapper']/div[@class='middlePart']/main/home/div[@class='newHomeSection']/div[@id='home-container']/div[@class='displaySection']/app-product-type/div[@class='productTypeSection']/div[@class='productTypeRow']/drag-scroll/div[@class='drag-scroll-content']/div[1]}
at org.openqa.selenium.remote.codec.w3c.W3CHttpResponseCodec.createException(W3CHttpResponseCodec.java:196)
at org.openqa.selenium.remote.codec.w3c.W3CHttpResponseCodec.decode(W3CHttpResponseCodec.java:129)
at org.openqa.selenium.remote.codec.w3c.W3CHttpResponseCodec.decode(W3CHttpResponseCodec.java:53)
at org.openqa.selenium.remote.HttpCommandExecutor.execute(HttpCommandExecutor.java:167)
at org.openqa.selenium.remote.service.DriverCommandExecutor.execute(DriverCommandExecutor.java:123)
at org.openqa.selenium.remote.RemoteWebDriver.execute(RemoteWebDriver.java:501)
at org.openqa.selenium.remote.RemoteWebDriver.findElement(RemoteWebDriver.java:332)
at org.openqa.selenium.By$ByXPath.findElement(By.java:379)
at org.openqa.selenium.remote.RemoteWebDriver.findElement(RemoteWebDriver.java:312)
at com.jakartalabs.utils.BrowserActions.clickElementXpath(BrowserActions.java:39)
at com.jakartalabs.fullstack_answer.TestUI.testSelectProjectUI(TestUI.java:33)
at java.util.ArrayList.forEach(ArrayList.java:1259)
... Removed 31 stack frames]]>
    </failure>
  </testcase> <!-- testSelectProjectUI -->
</testsuite> <!-- Test -->
